<?xml version="1.0" encoding="UTF-8"?>
<!-- Generated by org.testng.reporters.JUnitXMLReporter -->
<testsuite ignored="6" hostname="DESKTOP-J9EO0C6" failures="0" tests="3" name="Test" time="335.316" errors="0" timestamp="2022-07-13T23:38:45 IST">
  <testcase classname="sample.CreateProductTNG" name="product" time="68.259"/>
  <testcase classname="sample.CreateContactintesng" name="createcontAnddeleteTest" time="51.253"/>
  <testcase classname="sample.CreateOrginationTest" name="createAndDelete" time="45.02"/>
  <testcase classname="com.crm.comcost.genericeutlity.BaseClass" name="@BeforeSuite configBS" time="0.0">
    <ignored/>
  </testcase> <!-- @BeforeSuite configBS -->
  <testcase classname="com.crm.comcost.genericeutlity.BaseClass" name="@BeforeSuite configBS" time="0.0">
    <ignored/>
  </testcase> <!-- @BeforeSuite configBS -->
  <testcase classname="sample.CreateContactintesng" name="logout" time="0.0">
    <ignored/>
  </testcase> <!-- logout -->
  <testcase classname="sample.CreateContactintesng" name="createContTest" time="0.0">
    <ignored/>
  </testcase> <!-- createContTest -->
  <testcase classname="sample.CreateOrginationTest" name="createContTest" time="0.0">
    <ignored/>
  </testcase> <!-- createContTest -->
  <testcase classname="sample.CreateProductTNG" name="createproductanddelete" time="0.0">
    <ignored/>
  </testcase> <!-- createproductanddelete -->
</testsuite> <!-- Test -->
