<?xml version="1.0" encoding="UTF-8"?>
<testng-results ignored="8" total="18" passed="10" failed="0" skipped="0">
  <reporter-output>
    <line>
      <![CDATA[open browser]]>
    </line>
    <line>
      <![CDATA[open browser]]>
    </line>
    <line>
      <![CDATA[open browser]]>
    </line>
    <line>
      <![CDATA[open browser]]>
    </line>
    <line>
      <![CDATA[open browser]]>
    </line>
  </reporter-output>
  <suite started-at="2022-07-14T21:30:24 IST" name="listener" finished-at="2022-07-14T21:40:08 IST" duration-ms="583892">
    <groups>
      <group name="regration">
        <method signature="CreateContactintesng.createcontAnddeleteTest()[pri:0, instance:sample.CreateContactintesng@273e7444]" name="createcontAnddeleteTest" class="sample.CreateContactintesng"/>
        <method signature="CreateOrginationTest.createAndDelete()[pri:0, instance:sample.CreateOrginationTest@7db12bb6]" name="createAndDelete" class="sample.CreateOrginationTest"/>
        <method signature="CreateProductTNG.product()[pri:0, instance:sample.CreateProductTNG@29215f06]" name="product" class="sample.CreateProductTNG"/>
      </group> <!-- regration -->
      <group name="smoke">
        <method signature="CreateContactintesng.createContTest()[pri:0, instance:sample.CreateContactintesng@273e7444]" name="createContTest" class="sample.CreateContactintesng"/>
        <method signature="CreateOrginationTest.createContTest()[pri:0, instance:sample.CreateOrginationTest@7db12bb6]" name="createContTest" class="sample.CreateOrginationTest"/>
        <method signature="CreateProductTNG.createproductanddelete()[pri:0, instance:sample.CreateProductTNG@29215f06]" name="createproductanddelete" class="sample.CreateProductTNG"/>
      </group> <!-- smoke -->
    </groups>
    <test started-at="2022-07-14T21:30:24 IST" name="Test" finished-at="2022-07-14T21:40:08 IST" duration-ms="583892">
      <class name="sample.CreateContactintesng">
        <test-method is-config="true" signature="configBC()[pri:0, instance:sample.CreateContactintesng@273e7444]" started-at="2022-07-14T21:37:56 IST" name="configBC" finished-at="2022-07-14T21:37:59 IST" duration-ms="3358" status="PASS">
          <reporter-output>
            <line>
              <![CDATA[open browser]]>
            </line>
          </reporter-output>
        </test-method> <!-- configBC -->
        <test-method is-config="true" signature="configBM()[pri:0, instance:sample.CreateContactintesng@273e7444]" started-at="2022-07-14T21:37:59 IST" name="configBM" finished-at="2022-07-14T21:38:08 IST" duration-ms="8954" status="PASS">
          <reporter-output>
          </reporter-output>
        </test-method> <!-- configBM -->
        <test-method signature="createContTest()[pri:0, instance:sample.CreateContactintesng@273e7444]" started-at="2022-07-14T21:38:08 IST" name="createContTest" finished-at="2022-07-14T21:38:26 IST" duration-ms="18036" status="PASS">
          <reporter-output>
          </reporter-output>
        </test-method> <!-- createContTest -->
        <test-method is-config="true" signature="configAM()[pri:0, instance:sample.CreateContactintesng@273e7444]" started-at="2022-07-14T21:38:26 IST" name="configAM" finished-at="2022-07-14T21:38:28 IST" duration-ms="1706" status="PASS">
          <reporter-output>
          </reporter-output>
        </test-method> <!-- configAM -->
        <test-method is-config="true" signature="configBM()[pri:0, instance:sample.CreateContactintesng@273e7444]" started-at="2022-07-14T21:38:28 IST" name="configBM" finished-at="2022-07-14T21:38:32 IST" duration-ms="3952" status="PASS">
          <reporter-output>
          </reporter-output>
        </test-method> <!-- configBM -->
        <test-method signature="createcontAnddeleteTest()[pri:0, instance:sample.CreateContactintesng@273e7444]" started-at="2022-07-14T21:38:32 IST" name="createcontAnddeleteTest" finished-at="2022-07-14T21:38:50 IST" duration-ms="18427" status="PASS">
          <reporter-output>
          </reporter-output>
        </test-method> <!-- createcontAnddeleteTest -->
        <test-method is-config="true" signature="configAM()[pri:0, instance:sample.CreateContactintesng@273e7444]" started-at="2022-07-14T21:38:50 IST" name="configAM" finished-at="2022-07-14T21:38:57 IST" duration-ms="6541" status="PASS">
          <reporter-output>
          </reporter-output>
        </test-method> <!-- configAM -->
        <test-method is-config="true" signature="configBM()[pri:0, instance:sample.CreateContactintesng@273e7444]" started-at="2022-07-14T21:38:57 IST" name="configBM" finished-at="2022-07-14T21:39:01 IST" duration-ms="4481" status="PASS">
          <reporter-output>
          </reporter-output>
        </test-method> <!-- configBM -->
        <test-method signature="logout()[pri:0, instance:sample.CreateContactintesng@273e7444]" started-at="2022-07-14T21:39:01 IST" name="logout" finished-at="2022-07-14T21:39:01 IST" duration-ms="2" status="PASS">
          <reporter-output>
          </reporter-output>
        </test-method> <!-- logout -->
        <test-method is-config="true" signature="configAM()[pri:0, instance:sample.CreateContactintesng@273e7444]" started-at="2022-07-14T21:39:01 IST" name="configAM" finished-at="2022-07-14T21:39:11 IST" duration-ms="9911" status="PASS">
          <reporter-output>
          </reporter-output>
        </test-method> <!-- configAM -->
        <test-method is-config="true" signature="configAC()[pri:0, instance:sample.CreateContactintesng@273e7444]" started-at="2022-07-14T21:39:11 IST" name="configAC" finished-at="2022-07-14T21:39:12 IST" duration-ms="1052" status="PASS">
          <reporter-output>
          </reporter-output>
        </test-method> <!-- configAC -->
      </class> <!-- sample.CreateContactintesng -->
      <class name="sample.PurchaseOrderTNG">
        <test-method is-config="true" signature="configBC()[pri:0, instance:sample.PurchaseOrderTNG@72e5a8e]" started-at="2022-07-14T21:34:40 IST" name="configBC" finished-at="2022-07-14T21:34:52 IST" duration-ms="12494" status="PASS">
          <reporter-output>
            <line>
              <![CDATA[open browser]]>
            </line>
          </reporter-output>
        </test-method> <!-- configBC -->
        <test-method is-config="true" signature="configBM()[pri:0, instance:sample.PurchaseOrderTNG@72e5a8e]" started-at="2022-07-14T21:34:52 IST" name="configBM" finished-at="2022-07-14T21:35:03 IST" duration-ms="10452" status="PASS">
          <reporter-output>
          </reporter-output>
        </test-method> <!-- configBM -->
        <test-method signature="purchase()[pri:0, instance:sample.PurchaseOrderTNG@72e5a8e]" started-at="2022-07-14T21:35:03 IST" name="purchase" finished-at="2022-07-14T21:36:24 IST" duration-ms="81347" status="PASS">
          <reporter-output>
          </reporter-output>
        </test-method> <!-- purchase -->
        <test-method is-config="true" signature="configAM()[pri:0, instance:sample.PurchaseOrderTNG@72e5a8e]" started-at="2022-07-14T21:36:24 IST" name="configAM" finished-at="2022-07-14T21:36:26 IST" duration-ms="1929" status="PASS">
          <reporter-output>
          </reporter-output>
        </test-method> <!-- configAM -->
        <test-method is-config="true" signature="configBM()[pri:0, instance:sample.PurchaseOrderTNG@72e5a8e]" started-at="2022-07-14T21:36:26 IST" name="configBM" finished-at="2022-07-14T21:36:30 IST" duration-ms="3959" status="PASS">
          <reporter-output>
          </reporter-output>
        </test-method> <!-- configBM -->
        <test-method signature="purchaseAndContactWithDelete()[pri:0, instance:sample.PurchaseOrderTNG@72e5a8e]" started-at="2022-07-14T21:36:30 IST" name="purchaseAndContactWithDelete" finished-at="2022-07-14T21:37:23 IST" duration-ms="52511" status="PASS">
          <reporter-output>
          </reporter-output>
        </test-method> <!-- purchaseAndContactWithDelete -->
        <test-method is-config="true" signature="configAM()[pri:0, instance:sample.PurchaseOrderTNG@72e5a8e]" started-at="2022-07-14T21:37:23 IST" name="configAM" finished-at="2022-07-14T21:37:27 IST" duration-ms="4601" status="PASS">
          <reporter-output>
          </reporter-output>
        </test-method> <!-- configAM -->
        <test-method is-config="true" signature="configAC()[pri:0, instance:sample.PurchaseOrderTNG@72e5a8e]" started-at="2022-07-14T21:37:27 IST" name="configAC" finished-at="2022-07-14T21:37:28 IST" duration-ms="496" status="PASS">
          <reporter-output>
          </reporter-output>
        </test-method> <!-- configAC -->
      </class> <!-- sample.PurchaseOrderTNG -->
      <class name="sample.CreateProductTNG">
        <test-method is-config="true" signature="configBS()[pri:0, instance:sample.CreateProductTNG@29215f06]" started-at="2022-07-14T21:30:24 IST" name="configBS" finished-at="2022-07-14T21:30:24 IST" duration-ms="13" status="PASS">
          <reporter-output>
          </reporter-output>
        </test-method> <!-- configBS -->
        <test-method is-config="true" signature="configBC()[pri:0, instance:sample.CreateProductTNG@29215f06]" started-at="2022-07-14T21:30:24 IST" name="configBC" finished-at="2022-07-14T21:31:25 IST" duration-ms="60496" status="PASS">
          <reporter-output>
            <line>
              <![CDATA[open browser]]>
            </line>
          </reporter-output>
        </test-method> <!-- configBC -->
        <test-method is-config="true" signature="configBM()[pri:0, instance:sample.CreateProductTNG@29215f06]" started-at="2022-07-14T21:31:25 IST" name="configBM" finished-at="2022-07-14T21:33:00 IST" duration-ms="95074" status="PASS">
          <reporter-output>
          </reporter-output>
        </test-method> <!-- configBM -->
        <test-method signature="createproductanddelete()[pri:0, instance:sample.CreateProductTNG@29215f06]" started-at="2022-07-14T21:33:00 IST" name="createproductanddelete" finished-at="2022-07-14T21:34:02 IST" duration-ms="62134" status="PASS">
          <reporter-output>
          </reporter-output>
        </test-method> <!-- createproductanddelete -->
        <test-method is-config="true" signature="configAM()[pri:0, instance:sample.CreateProductTNG@29215f06]" started-at="2022-07-14T21:34:02 IST" name="configAM" finished-at="2022-07-14T21:34:09 IST" duration-ms="6786" status="PASS">
          <reporter-output>
          </reporter-output>
        </test-method> <!-- configAM -->
        <test-method is-config="true" signature="configBM()[pri:0, instance:sample.CreateProductTNG@29215f06]" started-at="2022-07-14T21:34:09 IST" name="configBM" finished-at="2022-07-14T21:34:16 IST" duration-ms="7333" status="PASS">
          <reporter-output>
          </reporter-output>
        </test-method> <!-- configBM -->
        <test-method signature="product()[pri:0, instance:sample.CreateProductTNG@29215f06]" started-at="2022-07-14T21:34:16 IST" name="product" finished-at="2022-07-14T21:34:36 IST" duration-ms="19671" status="PASS">
          <reporter-output>
          </reporter-output>
        </test-method> <!-- product -->
        <test-method is-config="true" signature="configAM()[pri:0, instance:sample.CreateProductTNG@29215f06]" started-at="2022-07-14T21:34:36 IST" name="configAM" finished-at="2022-07-14T21:34:38 IST" duration-ms="2046" status="PASS">
          <reporter-output>
          </reporter-output>
        </test-method> <!-- configAM -->
        <test-method is-config="true" signature="configAC()[pri:0, instance:sample.CreateProductTNG@29215f06]" started-at="2022-07-14T21:34:38 IST" name="configAC" finished-at="2022-07-14T21:34:40 IST" duration-ms="2314" status="PASS">
          <reporter-output>
          </reporter-output>
        </test-method> <!-- configAC -->
        <test-method is-config="true" signature="configAS()[pri:0, instance:sample.CreateProductTNG@29215f06]" started-at="2022-07-14T21:40:08 IST" name="configAS" finished-at="2022-07-14T21:40:08 IST" duration-ms="0" status="PASS">
          <reporter-output>
          </reporter-output>
        </test-method> <!-- configAS -->
      </class> <!-- sample.CreateProductTNG -->
      <class name="sample.CreateVenderTNG">
        <test-method is-config="true" signature="configBC()[pri:0, instance:sample.CreateVenderTNG@54e1c68b]" started-at="2022-07-14T21:37:28 IST" name="configBC" finished-at="2022-07-14T21:37:32 IST" duration-ms="4439" status="PASS">
          <reporter-output>
            <line>
              <![CDATA[open browser]]>
            </line>
          </reporter-output>
        </test-method> <!-- configBC -->
        <test-method is-config="true" signature="configBM()[pri:0, instance:sample.CreateVenderTNG@54e1c68b]" started-at="2022-07-14T21:37:32 IST" name="configBM" finished-at="2022-07-14T21:37:39 IST" duration-ms="6960" status="PASS">
          <reporter-output>
          </reporter-output>
        </test-method> <!-- configBM -->
        <test-method signature="vender()[pri:0, instance:sample.CreateVenderTNG@54e1c68b]" started-at="2022-07-14T21:37:39 IST" name="vender" finished-at="2022-07-14T21:37:54 IST" duration-ms="14556" status="PASS">
          <reporter-output>
          </reporter-output>
        </test-method> <!-- vender -->
        <test-method is-config="true" signature="configAM()[pri:0, instance:sample.CreateVenderTNG@54e1c68b]" started-at="2022-07-14T21:37:54 IST" name="configAM" finished-at="2022-07-14T21:37:56 IST" duration-ms="1913" status="PASS">
          <reporter-output>
          </reporter-output>
        </test-method> <!-- configAM -->
        <test-method is-config="true" signature="configAC()[pri:0, instance:sample.CreateVenderTNG@54e1c68b]" started-at="2022-07-14T21:37:56 IST" name="configAC" finished-at="2022-07-14T21:37:56 IST" duration-ms="367" status="PASS">
          <reporter-output>
          </reporter-output>
        </test-method> <!-- configAC -->
      </class> <!-- sample.CreateVenderTNG -->
      <class name="sample.CreateOrginationTest">
        <test-method is-config="true" signature="configBC()[pri:0, instance:sample.CreateOrginationTest@7db12bb6]" started-at="2022-07-14T21:39:12 IST" name="configBC" finished-at="2022-07-14T21:39:17 IST" duration-ms="4981" status="PASS">
          <reporter-output>
            <line>
              <![CDATA[open browser]]>
            </line>
          </reporter-output>
        </test-method> <!-- configBC -->
        <test-method is-config="true" signature="configBM()[pri:0, instance:sample.CreateOrginationTest@7db12bb6]" started-at="2022-07-14T21:39:17 IST" name="configBM" finished-at="2022-07-14T21:39:24 IST" duration-ms="7039" status="PASS">
          <reporter-output>
          </reporter-output>
        </test-method> <!-- configBM -->
        <test-method signature="createAndDelete()[pri:0, instance:sample.CreateOrginationTest@7db12bb6]" started-at="2022-07-14T21:39:24 IST" name="createAndDelete" finished-at="2022-07-14T21:39:40 IST" duration-ms="15478" status="PASS">
          <reporter-output>
          </reporter-output>
        </test-method> <!-- createAndDelete -->
        <test-method is-config="true" signature="configAM()[pri:0, instance:sample.CreateOrginationTest@7db12bb6]" started-at="2022-07-14T21:39:40 IST" name="configAM" finished-at="2022-07-14T21:39:46 IST" duration-ms="6148" status="PASS">
          <reporter-output>
          </reporter-output>
        </test-method> <!-- configAM -->
        <test-method is-config="true" signature="configBM()[pri:0, instance:sample.CreateOrginationTest@7db12bb6]" started-at="2022-07-14T21:39:46 IST" name="configBM" finished-at="2022-07-14T21:39:50 IST" duration-ms="4237" status="PASS">
          <reporter-output>
          </reporter-output>
        </test-method> <!-- configBM -->
        <test-method signature="createContTest()[pri:0, instance:sample.CreateOrginationTest@7db12bb6]" started-at="2022-07-14T21:39:50 IST" name="createContTest" finished-at="2022-07-14T21:40:05 IST" duration-ms="15084" status="PASS">
          <reporter-output>
          </reporter-output>
        </test-method> <!-- createContTest -->
        <test-method is-config="true" signature="configAM()[pri:0, instance:sample.CreateOrginationTest@7db12bb6]" started-at="2022-07-14T21:40:05 IST" name="configAM" finished-at="2022-07-14T21:40:07 IST" duration-ms="2032" status="PASS">
          <reporter-output>
          </reporter-output>
        </test-method> <!-- configAM -->
        <test-method is-config="true" signature="configAC()[pri:0, instance:sample.CreateOrginationTest@7db12bb6]" started-at="2022-07-14T21:40:07 IST" name="configAC" finished-at="2022-07-14T21:40:08 IST" duration-ms="490" status="PASS">
          <reporter-output>
          </reporter-output>
        </test-method> <!-- configAC -->
      </class> <!-- sample.CreateOrginationTest -->
    </test> <!-- Test -->
  </suite> <!-- listener -->
</testng-results>
