<?xml version="1.0" encoding="UTF-8"?>
<!-- Generated by org.testng.reporters.JUnitXMLReporter -->
<testsuite ignored="0" hostname="DESKTOP-J9EO0C6" failures="0" tests="3" name="Testrunner2" time="152.362" errors="0" timestamp="2022-07-06T17:08:59 IST">
  <testcase classname="sample.CreateContactintesng" name="createContTest" time="46.17"/>
  <testcase classname="sample.CreateContactintesng" name="createcontAnddeleteTest" time="36.887"/>
  <testcase classname="sample.CreateContactintesng" name="logout" time="0.001"/>
</testsuite> <!-- Testrunner2 -->
