<?xml version="1.0" encoding="UTF-8"?>
<!-- Generated by org.testng.reporters.JUnitXMLReporter -->
<testsuite ignored="3" hostname="DESKTOP-J9EO0C6" failures="0" tests="2" name="Test" time="233.556" errors="0" timestamp="2022-07-22T20:22:05 IST">
  <testcase classname="sample.CreateOrginationTest" name="createContTest" time="66.487"/>
  <testcase classname="sample.CreateProductTNGTest" name="createproductanddelete" time="55.899"/>
  <testcase classname="com.crm.comcost.genericeutlity.BaseClass" name="@BeforeSuite configBS" time="0.0">
    <ignored/>
  </testcase> <!-- @BeforeSuite configBS -->
  <testcase classname="sample.CreateOrginationTest" name="createAndDelete" time="0.0">
    <ignored/>
  </testcase> <!-- createAndDelete -->
  <testcase classname="sample.CreateProductTNGTest" name="product" time="0.0">
    <ignored/>
  </testcase> <!-- product -->
</testsuite> <!-- Test -->
