<?xml version="1.0" encoding="UTF-8"?>
<!-- Generated by org.testng.reporters.JUnitXMLReporter -->
<testsuite ignored="4" hostname="DESKTOP-J9EO0C6" failures="0" tests="7" name="Test" time="238.191" errors="0" timestamp="2022-07-06T16:57:18 IST">
  <testcase classname="sample.CreateProductTNG" name="createproductanddelete" time="25.558"/>
  <testcase classname="sample.CreateProductTNG" name="product" time="24.172"/>
  <testcase classname="sample.CreateContactintesng" name="createContTest" time="21.651"/>
  <testcase classname="sample.CreateContactintesng" name="createcontAnddeleteTest" time="21.164"/>
  <testcase classname="sample.CreateContactintesng" name="logout" time="0.004"/>
  <testcase classname="sample.CreateOrginationTNG" name="createOrgination" time="15.782"/>
  <testcase classname="sample.CreateOrginationTNG" name="createOrginationAndDelete" time="24.667"/>
  <testcase classname="com.crm.comcost.genericeutlity.BaseClass" name="@BeforeSuite configBS" time="0.0">
    <ignored/>
  </testcase> <!-- @BeforeSuite configBS -->
  <testcase classname="com.crm.comcost.genericeutlity.BaseClass" name="@BeforeSuite configBS" time="0.0">
    <ignored/>
  </testcase> <!-- @BeforeSuite configBS -->
  <testcase classname="com.crm.comcost.genericeutlity.BaseClass" name="@AfterSuite configAS" time="0.0">
    <ignored/>
  </testcase> <!-- @AfterSuite configAS -->
  <testcase classname="com.crm.comcost.genericeutlity.BaseClass" name="@AfterSuite configAS" time="0.0">
    <ignored/>
  </testcase> <!-- @AfterSuite configAS -->
</testsuite> <!-- Test -->
