<?xml version="1.0" encoding="UTF-8"?>
<!-- Generated by org.testng.reporters.JUnitXMLReporter -->
<testsuite ignored="2" hostname="DESKTOP-J9EO0C6" failures="0" tests="4" name="Test" time="396.882" errors="0" timestamp="2022-07-23T11:15:24 IST">
  <testcase classname="sample.CreateOrginationTest" name="createAndDelete" time="91.244"/>
  <testcase classname="sample.CreateOrginationTest" name="createContTest" time="19.677"/>
  <testcase classname="sample.CreateProductTNGTest" name="createproductanddelete" time="28.633"/>
  <testcase classname="sample.CreateProductTNGTest" name="product" time="24.433"/>
  <testcase classname="com.crm.comcost.genericeutlity.BaseClass" name="@BeforeSuite configBS" time="0.0">
    <ignored/>
  </testcase> <!-- @BeforeSuite configBS -->
  <testcase classname="com.crm.comcost.genericeutlity.BaseClass" name="@AfterSuite configAS" time="0.0">
    <ignored/>
  </testcase> <!-- @AfterSuite configAS -->
</testsuite> <!-- Test -->
