<?xml version="1.0" encoding="UTF-8"?>
<!-- Generated by org.testng.reporters.JUnitXMLReporter -->
<testsuite ignored="8" hostname="DESKTOP-J9EO0C6" failures="0" tests="10" name="Test" time="583.892" errors="0" timestamp="2022-07-14T21:40:08 IST">
  <testcase classname="sample.CreateProductTNG" name="createproductanddelete" time="62.134"/>
  <testcase classname="sample.CreateProductTNG" name="product" time="19.671"/>
  <testcase classname="sample.PurchaseOrderTNG" name="purchase" time="81.347"/>
  <testcase classname="sample.PurchaseOrderTNG" name="purchaseAndContactWithDelete" time="52.511"/>
  <testcase classname="sample.CreateVenderTNG" name="vender" time="14.556"/>
  <testcase classname="sample.CreateContactintesng" name="createContTest" time="18.036"/>
  <testcase classname="sample.CreateContactintesng" name="createcontAnddeleteTest" time="18.427"/>
  <testcase classname="sample.CreateContactintesng" name="logout" time="0.002"/>
  <testcase classname="sample.CreateOrginationTest" name="createAndDelete" time="15.478"/>
  <testcase classname="sample.CreateOrginationTest" name="createContTest" time="15.084"/>
  <testcase classname="com.crm.comcost.genericeutlity.BaseClass" name="@BeforeSuite configBS" time="0.0">
    <ignored/>
  </testcase> <!-- @BeforeSuite configBS -->
  <testcase classname="com.crm.comcost.genericeutlity.BaseClass" name="@BeforeSuite configBS" time="0.0">
    <ignored/>
  </testcase> <!-- @BeforeSuite configBS -->
  <testcase classname="com.crm.comcost.genericeutlity.BaseClass" name="@BeforeSuite configBS" time="0.0">
    <ignored/>
  </testcase> <!-- @BeforeSuite configBS -->
  <testcase classname="com.crm.comcost.genericeutlity.BaseClass" name="@BeforeSuite configBS" time="0.0">
    <ignored/>
  </testcase> <!-- @BeforeSuite configBS -->
  <testcase classname="com.crm.comcost.genericeutlity.BaseClass" name="@AfterSuite configAS" time="0.0">
    <ignored/>
  </testcase> <!-- @AfterSuite configAS -->
  <testcase classname="com.crm.comcost.genericeutlity.BaseClass" name="@AfterSuite configAS" time="0.0">
    <ignored/>
  </testcase> <!-- @AfterSuite configAS -->
  <testcase classname="com.crm.comcost.genericeutlity.BaseClass" name="@AfterSuite configAS" time="0.0">
    <ignored/>
  </testcase> <!-- @AfterSuite configAS -->
  <testcase classname="com.crm.comcost.genericeutlity.BaseClass" name="@AfterSuite configAS" time="0.0">
    <ignored/>
  </testcase> <!-- @AfterSuite configAS -->
</testsuite> <!-- Test -->
