<?xml version="1.0" encoding="UTF-8"?>
<!-- Generated by org.testng.reporters.JUnitXMLReporter -->
<testsuite ignored="5" hostname="DESKTOP-J9EO0C6" failures="0" tests="4" name="Test" time="211.728" errors="0" timestamp="2022-07-07T10:14:08 IST">
  <testcase classname="sample.CreateProductTNG" name="createproductanddelete" time="45.853"/>
  <testcase classname="sample.CreateContactintesng" name="createContTest" time="27.508"/>
  <testcase classname="sample.CreateContactintesng" name="logout" time="0.002"/>
  <testcase classname="sample.CreateOrginationTNG" name="createOrgination" time="17.179"/>
  <testcase classname="sample.CreateContactintesng" name="createcontAnddeleteTest" time="0.0">
    <ignored/>
  </testcase> <!-- createcontAnddeleteTest -->
  <testcase classname="com.crm.comcost.genericeutlity.BaseClass" name="@AfterSuite configAS" time="0.0">
    <ignored/>
  </testcase> <!-- @AfterSuite configAS -->
  <testcase classname="com.crm.comcost.genericeutlity.BaseClass" name="@AfterSuite configAS" time="0.0">
    <ignored/>
  </testcase> <!-- @AfterSuite configAS -->
  <testcase classname="sample.CreateProductTNG" name="product" time="0.0">
    <ignored/>
  </testcase> <!-- product -->
  <testcase classname="sample.CreateOrginationTNG" name="createOrginationAndDelete" time="0.0">
    <ignored/>
  </testcase> <!-- createOrginationAndDelete -->
</testsuite> <!-- Test -->
